coefy 1 panta -1.07778 terlib -13.3556
coefy 1 panta -4.69697 terlib 605.333
coefy 1 panta 10.381 terlib -2062.76
coefy 1 panta 1.54206 terlib -566.187
coefy 1 panta 0.541667 terlib -421.875
coefy 1 panta 0.769231 terlib -481.692
coefy 1 panta 0.876471 terlib -518.235
coefy 1 panta 0.749311 terlib -517.882
coefy 1 panta 0.652632 terlib -516.389
coefy 1 panta 0.652482 terlib -538.241
coefy 1 panta 0.535714 terlib -520.643
coefy 1 panta -0.039604 terlib -361.594
coefy 1 panta 16.2308 terlib -9625.38
coefy 1 panta -0.578755 terlib -181.103
coefy 1 panta -0.741176 terlib -151.412
coefy 1 panta -0.570621 terlib -198.475
coefy 1 panta -0.308943 terlib -260.415
coefy 1 panta -2.24074 terlib 155.519
coefy 1 panta 12.8125 terlib -2956.38
coefy 1 panta 4.11364 terlib -1133.84
coefy 1 panta 2.06667 terlib -711.267
coefy 1 panta -96 terlib 18819
coefy 1 panta -0.350649 terlib -203.169
coefy 1 panta -8.25 terlib 1449.75
coefy 1 panta -1.07778 terlib -13.3556
